Using pre-set license
Built from '2022.2/staging' branch; Version is '2022.2.21f1 (4907324dc95b) revision 4785970'; Using compiler version '192829333'; Build Type 'Release'
OS: 'Windows 11  (10.0.22631) 64bit Core' Language: 'zh' Physical Memory: 32509 MB
BatchMode: 1, IsHumanControllingUs: 0, StartBugReporterOnCrash: 0, Is64bit: 1, IsPro: 1

COMMAND LINE ARGUMENTS:
D:\Unity\2022.2.21f1\Editor\Unity.exe
-adb2
-batchMode
-noUpm
-name
AssetImportWorker0
-projectPath
D:/Unity/FearForest/FearForest
-logFile
Logs/AssetImportWorker0.log
-srvPort
50339
Successfully changed project path to: D:/Unity/FearForest/FearForest
D:/Unity/FearForest/FearForest
[UnityMemory] Configuration Parameters - Can be set up in boot.config
    "memorysetup-bucket-allocator-granularity=16"
    "memorysetup-bucket-allocator-bucket-count=8"
    "memorysetup-bucket-allocator-block-size=33554432"
    "memorysetup-bucket-allocator-block-count=8"
    "memorysetup-main-allocator-block-size=16777216"
    "memorysetup-thread-allocator-block-size=16777216"
    "memorysetup-gfx-main-allocator-block-size=16777216"
    "memorysetup-gfx-thread-allocator-block-size=16777216"
    "memorysetup-cache-allocator-block-size=4194304"
    "memorysetup-typetree-allocator-block-size=2097152"
    "memorysetup-profiler-bucket-allocator-granularity=16"
    "memorysetup-profiler-bucket-allocator-bucket-count=8"
    "memorysetup-profiler-bucket-allocator-block-size=33554432"
    "memorysetup-profiler-bucket-allocator-block-count=8"
    "memorysetup-profiler-allocator-block-size=16777216"
    "memorysetup-profiler-editor-allocator-block-size=1048576"
    "memorysetup-temp-allocator-size-main=16777216"
    "memorysetup-job-temp-allocator-block-size=2097152"
    "memorysetup-job-temp-allocator-block-size-background=1048576"
    "memorysetup-job-temp-allocator-reduction-small-platforms=262144"
    "memorysetup-allocator-temp-initial-block-size-main=262144"
    "memorysetup-allocator-temp-initial-block-size-worker=262144"
    "memorysetup-temp-allocator-size-background-worker=32768"
    "memorysetup-temp-allocator-size-job-worker=262144"
    "memorysetup-temp-allocator-size-preload-manager=33554432"
    "memorysetup-temp-allocator-size-nav-mesh-worker=65536"
    "memorysetup-temp-allocator-size-audio-worker=65536"
    "memorysetup-temp-allocator-size-cloud-worker=32768"
    "memorysetup-temp-allocator-size-gi-baking-worker=262144"
    "memorysetup-temp-allocator-size-gfx=262144"
Player connection [10824] Host "[IP] 192.168.0.167 [Port] 0 [Flags] 2 [Guid] 3686786989 [EditorId] 3686786989 [Version] 1048832 [Id] WindowsEditor(7,電腦) [Debug] 1 [PackageName] WindowsEditor [ProjectName] Editor" joined multi-casting on [225.0.0.222:54997]...

Player connection [10824] Host "[IP] 192.168.0.167 [Port] 0 [Flags] 2 [Guid] 3686786989 [EditorId] 3686786989 [Version] 1048832 [Id] WindowsEditor(7,電腦) [Debug] 1 [PackageName] WindowsEditor [ProjectName] Editor" joined alternative multi-casting on [225.0.0.222:34997]...

Refreshing native plugins compatible for Editor in 2.97 ms, found 3 plugins.
Preloading 0 native plugins for Editor in 0.00 ms.
Initialize engine version: 2022.2.21f1 (4907324dc95b)
[Subsystems] Discovering subsystems at path D:/Unity/2022.2.21f1/Editor/Data/Resources/UnitySubsystems
[Subsystems] Discovering subsystems at path D:/Unity/FearForest/FearForest/Assets
GfxDevice: creating device client; threaded=0; jobified=0
Direct3D:
    Version:  Direct3D 11.0 [level 11.1]
    Renderer: NVIDIA GeForce RTX 4070 (ID=0x2786)
    Vendor:   NVIDIA
    VRAM:     12012 MB
    Driver:   32.0.15.6636
Initialize mono
Mono path[0] = 'D:/Unity/2022.2.21f1/Editor/Data/Managed'
Mono path[1] = 'D:/Unity/2022.2.21f1/Editor/Data/MonoBleedingEdge/lib/mono/unityjit-win32'
Mono config path = 'D:/Unity/2022.2.21f1/Editor/Data/MonoBleedingEdge/etc'
Using monoOptions --debugger-agent=transport=dt_socket,embedding=1,server=y,suspend=n,address=127.0.0.1:56164
Begin MonoManager ReloadAssembly
Registering precompiled unity dll's ...
Register platform support module: D:/Unity/2022.2.21f1/Editor/Data/PlaybackEngines/WebGLSupport/UnityEditor.WebGL.Extensions.dll
Register platform support module: D:/Unity/2022.2.21f1/Editor/Data/PlaybackEngines/WindowsStandaloneSupport/UnityEditor.WindowsStandalone.Extensions.dll
Registered in 0.001781 seconds.
- Loaded All Assemblies, in  0.169 seconds
Native extension for WindowsStandalone target not found
Native extension for WebGL target not found
Mono: successfully reloaded assembly
- Finished resetting the current domain, in  0.149 seconds
Domain Reload Profiling:
	ReloadAssembly (98ms)
		BeginReloadAssembly (46ms)
			ExecutionOrderSort (0ms)
			DisableScriptedObjects (0ms)
			BackupInstance (0ms)
			ReleaseScriptingObjects (0ms)
			CreateAndSetChildDomain (0ms)
		LoadAllAssembliesAndSetupDomain (0ms)
			LoadAssemblies (46ms)
			RebuildTransferFunctionScriptingTraits (0ms)
			SetupTypeCache (70ms)
				TypeCache.Initialize (69ms)
					TypeCache.ScanAssembly (68ms)
				ResolveRequiredComponents (0ms)
		FinalizeReload (0ms)
			ReleaseScriptCaches (0ms)
			RebuildScriptCaches (0ms)
			SetupLoadedEditorAssemblies (115ms)
				LogAssemblyErrors (0ms)
				InitializePlatformSupportModulesInManaged (5ms)
				SetLoadedEditorAssemblies (3ms)
				RefreshPlugins (0ms)
				BeforeProcessingInitializeOnLoad (1ms)
				ProcessInitializeOnLoadAttributes (78ms)
				ProcessInitializeOnLoadMethodAttributes (29ms)
				AfterProcessingInitializeOnLoad (0ms)
				EditorAssembliesLoaded (0ms)
			ExecutionOrderSort2 (0ms)
			AwakeInstancesAfterBackupRestoration (0ms)
========================================================================
Worker process is ready to serve import requests
Begin MonoManager ReloadAssembly
Symbol file LoadedFromMemory doesn't match image D:\Unity\FearForest\FearForest\Library\PackageCache\com.unity.visualscripting@1.8.0\Editor\VisualScripting.Core\Dependencies\YamlDotNet\Unity.VisualScripting.YamlDotNet.dll
Symbol file LoadedFromMemory doesn't match image D:\Unity\FearForest\FearForest\Library\PackageCache\com.unity.visualscripting@1.8.0\Editor\VisualScripting.Core\Dependencies\DotNetZip\Unity.VisualScripting.IonicZip.dll
- Loaded All Assemblies, in  0.437 seconds
Refreshing native plugins compatible for Editor in 1.70 ms, found 3 plugins.
Native extension for WindowsStandalone target not found
Native extension for WebGL target not found
Mono: successfully reloaded assembly
- Finished resetting the current domain, in  0.374 seconds
Domain Reload Profiling:
	ReloadAssembly (123ms)
		BeginReloadAssembly (77ms)
			ExecutionOrderSort (0ms)
			DisableScriptedObjects (3ms)
			BackupInstance (0ms)
			ReleaseScriptingObjects (0ms)
			CreateAndSetChildDomain (14ms)
		LoadAllAssembliesAndSetupDomain (314ms)
			LoadAssemblies (152ms)
			RebuildTransferFunctionScriptingTraits (0ms)
			SetupTypeCache (202ms)
				TypeCache.Initialize (185ms)
					TypeCache.ScanAssembly (181ms)
				ResolveRequiredComponents (3ms)
		FinalizeReload (0ms)
			ReleaseScriptCaches (0ms)
			RebuildScriptCaches (0ms)
			SetupLoadedEditorAssemblies (269ms)
				LogAssemblyErrors (0ms)
				InitializePlatformSupportModulesInManaged (3ms)
				SetLoadedEditorAssemblies (3ms)
				RefreshPlugins (0ms)
				BeforeProcessingInitializeOnLoad (30ms)
				ProcessInitializeOnLoadAttributes (217ms)
				ProcessInitializeOnLoadMethodAttributes (13ms)
				AfterProcessingInitializeOnLoad (2ms)
				EditorAssembliesLoaded (0ms)
			ExecutionOrderSort2 (0ms)
			AwakeInstancesAfterBackupRestoration (7ms)
Launched and connected shader compiler UnityShaderCompiler.exe after 0.09 seconds
Refreshing native plugins compatible for Editor in 2.41 ms, found 3 plugins.
Preloading 0 native plugins for Editor in 0.00 ms.
Unloading 3115 Unused Serialized files (Serialized files now loaded: 0)
Unloading 32 unused Assets / (56.9 KB). Loaded Objects now: 3582.
Memory consumption went from 123.6 MB to 123.5 MB.
Total: 4.416400 ms (FindLiveObjects: 0.325600 ms CreateObjectMapping: 0.130300 ms MarkObjects: 3.751600 ms  DeleteObjects: 0.206100 ms)

AssetImportParameters requested are different than current active one (requested -> active):
  custom:container-demuxer-ogg: 62fdf1f143b41e24485cea50d1cbac27 -> 
  custom:video-codec-MediaFoundation-h265: 746d11721c4dcdbdad8f713fa42b33f4 -> 
  custom:video-decoder-ogg-theora: a1e56fd34408186e4bbccfd4996cb3dc -> 
  custom:framework-win-MediaFoundation: 216162199b28c13a410421893ffa2e32 -> 
  custom:container-demuxer-webm: 4f35f7cbe854078d1ac9338744f61a02 -> 
  custom:container-muxer-webm: aa71ff27fc2769a1b78a27578f13a17b -> 
  custom:video-decoder-webm-vp8: 9c59270c3fd7afecdb556c50c9e8de78 -> 
  custom:AudioImporter_EditorPlatform: d09bf68614088b80899f8185d706f6e7 -> 
  custom:video-encoder-webm-vp8: eb34c28f22e8b96e1ab97ce403110664 -> 
  custom:audio-decoder-ogg-vorbis: bf7c407c2cedff20999df2af8eb42d56 -> 
  custom:audio-encoder-webm-vorbis: bf7c407c2cedff20999df2af8eb42d56 -> 
========================================================================
Received Import Request.
  Time since last request: 565.625057 seconds.
  path: Assets/MiscTextures/Stone.jpg
  artifactKey: Guid(01bbb84c587494248913202a912983cd) Importer(2089858483,0ecaa5967403d082aa24f35e1b516d23)
Start importing Assets/MiscTextures/Stone.jpg using Guid(01bbb84c587494248913202a912983cd) Importer(2089858483,0ecaa5967403d082aa24f35e1b516d23) Generated GUIDs only implemented for interfaces!
 -> (artifact id: '4b6c68f821be52181dd8f54b5d9caaf1') in 0.362100 seconds
Number of updated asset objects reloaded before import = 0
Number of asset objects unloaded after import = 1
========================================================================
Received Import Request.
  Time since last request: 0.000027 seconds.
  path: Assets/MiscTextures/Stone6.jpg
  artifactKey: Guid(12a26e2accf89a84c82f1f93b362ca50) Importer(2089858483,0ecaa5967403d082aa24f35e1b516d23)
Start importing Assets/MiscTextures/Stone6.jpg using Guid(12a26e2accf89a84c82f1f93b362ca50) Importer(2089858483,0ecaa5967403d082aa24f35e1b516d23) Generated GUIDs only implemented for interfaces!
 -> (artifact id: 'a5d217efa736aab7a130e985eaac4c9a') in 0.021327 seconds
Number of updated asset objects reloaded before import = 0
Number of asset objects unloaded after import = 1
========================================================================
Received Import Request.
  Time since last request: 0.000013 seconds.
  path: Assets/MiscTextures/Stone8.jpg
  artifactKey: Guid(051c596a3df03304fa7bc95f2ffd900e) Importer(2089858483,0ecaa5967403d082aa24f35e1b516d23)
Start importing Assets/MiscTextures/Stone8.jpg using Guid(051c596a3df03304fa7bc95f2ffd900e) Importer(2089858483,0ecaa5967403d082aa24f35e1b516d23) Generated GUIDs only implemented for interfaces!
 -> (artifact id: '0a84731258b8bdeb7baf7f8ffa5d5a47') in 0.017818 seconds
Number of updated asset objects reloaded before import = 0
Number of asset objects unloaded after import = 1
========================================================================
Received Import Request.
  Time since last request: 0.000016 seconds.
  path: Assets/MiscTextures/Gold3.jpg
  artifactKey: Guid(f6b21351f73387343909fa689cdc89ab) Importer(2089858483,0ecaa5967403d082aa24f35e1b516d23)
Start importing Assets/MiscTextures/Gold3.jpg using Guid(f6b21351f73387343909fa689cdc89ab) Importer(2089858483,0ecaa5967403d082aa24f35e1b516d23) Generated GUIDs only implemented for interfaces!
 -> (artifact id: '2c3339248eab3dc5fe109c31bf08e964') in 0.020632 seconds
Number of updated asset objects reloaded before import = 0
Number of asset objects unloaded after import = 1
========================================================================
Received Import Request.
  Time since last request: 0.000015 seconds.
  path: Assets/MiscTextures/Wood5.jpg
  artifactKey: Guid(628d5b10ee7c550459f39cacdb0704de) Importer(2089858483,0ecaa5967403d082aa24f35e1b516d23)
Start importing Assets/MiscTextures/Wood5.jpg using Guid(628d5b10ee7c550459f39cacdb0704de) Importer(2089858483,0ecaa5967403d082aa24f35e1b516d23) Generated GUIDs only implemented for interfaces!
 -> (artifact id: 'fd45d70bb74992b82506445db2df7221') in 0.018487 seconds
Number of updated asset objects reloaded before import = 0
Number of asset objects unloaded after import = 1
========================================================================
Received Import Request.
  Time since last request: 0.000017 seconds.
  path: Assets/MiscTextures/WoodFloor5.jpg
  artifactKey: Guid(4577c22515a2b0346bed9cf3f9d59b4e) Importer(2089858483,0ecaa5967403d082aa24f35e1b516d23)
Start importing Assets/MiscTextures/WoodFloor5.jpg using Guid(4577c22515a2b0346bed9cf3f9d59b4e) Importer(2089858483,0ecaa5967403d082aa24f35e1b516d23) Generated GUIDs only implemented for interfaces!
 -> (artifact id: 'b14f7ddc7f7857d997712aa793798b97') in 0.020387 seconds
Number of updated asset objects reloaded before import = 0
Number of asset objects unloaded after import = 1
========================================================================
Received Import Request.
  Time since last request: 0.000031 seconds.
  path: Assets/MiscTextures/Gold4.jpg
  artifactKey: Guid(e90e2ce045a7e044b8c550c1df993d38) Importer(2089858483,0ecaa5967403d082aa24f35e1b516d23)
Start importing Assets/MiscTextures/Gold4.jpg using Guid(e90e2ce045a7e044b8c550c1df993d38) Importer(2089858483,0ecaa5967403d082aa24f35e1b516d23) Generated GUIDs only implemented for interfaces!
 -> (artifact id: 'a860ed469caf2c39e1a97d731377a5ab') in 0.019888 seconds
Number of updated asset objects reloaded before import = 0
Number of asset objects unloaded after import = 1
========================================================================
Received Import Request.
  Time since last request: 0.000049 seconds.
  path: Assets/MiscTextures/Cloth4.jpg
  artifactKey: Guid(92ab14ffd03367e4a8a7a2d5037a67a3) Importer(2089858483,0ecaa5967403d082aa24f35e1b516d23)
Start importing Assets/MiscTextures/Cloth4.jpg using Guid(92ab14ffd03367e4a8a7a2d5037a67a3) Importer(2089858483,0ecaa5967403d082aa24f35e1b516d23) Generated GUIDs only implemented for interfaces!
 -> (artifact id: '036bb5429726acf10cec5a8a70fbdf07') in 0.016880 seconds
Number of updated asset objects reloaded before import = 0
Number of asset objects unloaded after import = 1
========================================================================
Received Import Request.
  Time since last request: 0.000012 seconds.
  path: Assets/MiscTextures/Grass4.jpg
  artifactKey: Guid(c15e60a8dcc643a43b71272ffd09a209) Importer(2089858483,0ecaa5967403d082aa24f35e1b516d23)
Start importing Assets/MiscTextures/Grass4.jpg using Guid(c15e60a8dcc643a43b71272ffd09a209) Importer(2089858483,0ecaa5967403d082aa24f35e1b516d23) Generated GUIDs only implemented for interfaces!
 -> (artifact id: '5980a1c6f29c3d2323266bdd430875ad') in 0.016991 seconds
Number of updated asset objects reloaded before import = 0
Number of asset objects unloaded after import = 1
========================================================================
Received Import Request.
  Time since last request: 0.000012 seconds.
  path: Assets/MiscTextures/Grass3.jpg
  artifactKey: Guid(83c2d3fb41977d143904be1f80bf257e) Importer(2089858483,0ecaa5967403d082aa24f35e1b516d23)
Start importing Assets/MiscTextures/Grass3.jpg using Guid(83c2d3fb41977d143904be1f80bf257e) Importer(2089858483,0ecaa5967403d082aa24f35e1b516d23) Generated GUIDs only implemented for interfaces!
 -> (artifact id: 'd2a512d6ab03e10978335f2d5b04678a') in 0.014788 seconds
Number of updated asset objects reloaded before import = 0
Number of asset objects unloaded after import = 1
========================================================================
Received Import Request.
  Time since last request: 0.000013 seconds.
  path: Assets/MiscTextures/Carpet7.jpg
  artifactKey: Guid(94878c730284db742b59466abd402d90) Importer(2089858483,0ecaa5967403d082aa24f35e1b516d23)
Start importing Assets/MiscTextures/Carpet7.jpg using Guid(94878c730284db742b59466abd402d90) Importer(2089858483,0ecaa5967403d082aa24f35e1b516d23) Generated GUIDs only implemented for interfaces!
 -> (artifact id: '9d88c5899840e0e77cc8a9fced76ac20') in 0.018139 seconds
Number of updated asset objects reloaded before import = 0
Number of asset objects unloaded after import = 1
========================================================================
Received Import Request.
  Time since last request: 0.000017 seconds.
  path: Assets/MiscTextures/WoodFloor4.jpg
  artifactKey: Guid(76f0d12a3f5492843926dde38aec132d) Importer(2089858483,0ecaa5967403d082aa24f35e1b516d23)
Start importing Assets/MiscTextures/WoodFloor4.jpg using Guid(76f0d12a3f5492843926dde38aec132d) Importer(2089858483,0ecaa5967403d082aa24f35e1b516d23) Generated GUIDs only implemented for interfaces!
 -> (artifact id: 'b75a61a4492e27d0eadfd6ead3423011') in 0.019943 seconds
Number of updated asset objects reloaded before import = 0
Number of asset objects unloaded after import = 1
========================================================================
Received Import Request.
  Time since last request: 0.000019 seconds.
  path: Assets/MiscTextures/Tiles3.jpg
  artifactKey: Guid(09592d776b4177c4291fe5d9b11d65e3) Importer(2089858483,0ecaa5967403d082aa24f35e1b516d23)
Start importing Assets/MiscTextures/Tiles3.jpg using Guid(09592d776b4177c4291fe5d9b11d65e3) Importer(2089858483,0ecaa5967403d082aa24f35e1b516d23) Generated GUIDs only implemented for interfaces!
 -> (artifact id: '6054088ab34fc6d9970bff2c56d9c988') in 0.017347 seconds
Number of updated asset objects reloaded before import = 0
Number of asset objects unloaded after import = 1
========================================================================
Received Import Request.
  Time since last request: 0.000039 seconds.
  path: Assets/MiscTextures/Cloth3.jpg
  artifactKey: Guid(65fda06479b5165458dbb4f22f85c50a) Importer(2089858483,0ecaa5967403d082aa24f35e1b516d23)
Start importing Assets/MiscTextures/Cloth3.jpg using Guid(65fda06479b5165458dbb4f22f85c50a) Importer(2089858483,0ecaa5967403d082aa24f35e1b516d23) Generated GUIDs only implemented for interfaces!
 -> (artifact id: '10214c432b8f81e5346a37aaf1e24d44') in 0.018579 seconds
Number of updated asset objects reloaded before import = 0
Number of asset objects unloaded after import = 1
========================================================================
Received Import Request.
  Time since last request: 0.000013 seconds.
  path: Assets/MiscTextures/Wood7.jpg
  artifactKey: Guid(8006973bc6517cc42b6f59c0bf9e148c) Importer(2089858483,0ecaa5967403d082aa24f35e1b516d23)
Start importing Assets/MiscTextures/Wood7.jpg using Guid(8006973bc6517cc42b6f59c0bf9e148c) Importer(2089858483,0ecaa5967403d082aa24f35e1b516d23) Generated GUIDs only implemented for interfaces!
 -> (artifact id: '6237801e3745fed5835ec8279f217652') in 0.014578 seconds
Number of updated asset objects reloaded before import = 0
Number of asset objects unloaded after import = 1
========================================================================
Received Import Request.
  Time since last request: 0.000013 seconds.
  path: Assets/MiscTextures/Gold5.jpg
  artifactKey: Guid(8841f66d7a76e894cab88564d78a34f3) Importer(2089858483,0ecaa5967403d082aa24f35e1b516d23)
Start importing Assets/MiscTextures/Gold5.jpg using Guid(8841f66d7a76e894cab88564d78a34f3) Importer(2089858483,0ecaa5967403d082aa24f35e1b516d23) Generated GUIDs only implemented for interfaces!
 -> (artifact id: '04fe45611e196e3120d75beae37b1208') in 0.020593 seconds
Number of updated asset objects reloaded before import = 0
Number of asset objects unloaded after import = 1
========================================================================
Received Import Request.
  Time since last request: 0.000017 seconds.
  path: Assets/MiscTextures/Wood6.jpg
  artifactKey: Guid(655a59b611ea34c4da4bcc2b82545e7d) Importer(2089858483,0ecaa5967403d082aa24f35e1b516d23)
Start importing Assets/MiscTextures/Wood6.jpg using Guid(655a59b611ea34c4da4bcc2b82545e7d) Importer(2089858483,0ecaa5967403d082aa24f35e1b516d23) Generated GUIDs only implemented for interfaces!
 -> (artifact id: '3f14ea83edd62a5c560927a956cfa856') in 0.016195 seconds
Number of updated asset objects reloaded before import = 0
Number of asset objects unloaded after import = 1
========================================================================
Received Import Request.
  Time since last request: 0.000016 seconds.
  path: Assets/MiscTextures/WoodFloor2.jpg
  artifactKey: Guid(17d8b62aedcfc244e989239461b54ee7) Importer(2089858483,0ecaa5967403d082aa24f35e1b516d23)
Start importing Assets/MiscTextures/WoodFloor2.jpg using Guid(17d8b62aedcfc244e989239461b54ee7) Importer(2089858483,0ecaa5967403d082aa24f35e1b516d23) Generated GUIDs only implemented for interfaces!
 -> (artifact id: '8e80d84d6d1ee0c757d0cfd7ceedd161') in 0.019799 seconds
Number of updated asset objects reloaded before import = 0
Number of asset objects unloaded after import = 1
========================================================================
Received Import Request.
  Time since last request: 0.000053 seconds.
  path: Assets/MiscTextures/Carpet3.jpg
  artifactKey: Guid(2d6dd528f9afb9d409df70f1902da9a2) Importer(2089858483,0ecaa5967403d082aa24f35e1b516d23)
Start importing Assets/MiscTextures/Carpet3.jpg using Guid(2d6dd528f9afb9d409df70f1902da9a2) Importer(2089858483,0ecaa5967403d082aa24f35e1b516d23) Generated GUIDs only implemented for interfaces!
 -> (artifact id: '4a5a7aa9162db1584b1e91db5d6b2f3b') in 0.018163 seconds
Number of updated asset objects reloaded before import = 0
Number of asset objects unloaded after import = 1
========================================================================
Received Import Request.
  Time since last request: 0.000087 seconds.
  path: Assets/MiscTextures/Metal3.jpg
  artifactKey: Guid(f8f8bc1760c2fc845ba0c482fb54b9a1) Importer(2089858483,0ecaa5967403d082aa24f35e1b516d23)
Start importing Assets/MiscTextures/Metal3.jpg using Guid(f8f8bc1760c2fc845ba0c482fb54b9a1) Importer(2089858483,0ecaa5967403d082aa24f35e1b516d23) Generated GUIDs only implemented for interfaces!
 -> (artifact id: 'e11419fd7e391249f580c924d050b869') in 0.019239 seconds
Number of updated asset objects reloaded before import = 0
Number of asset objects unloaded after import = 1
========================================================================
Received Import Request.
  Time since last request: 0.000017 seconds.
  path: Assets/MiscTextures/Carpet6.jpg
  artifactKey: Guid(af7d1344a98a33e4aac38555015725f9) Importer(2089858483,0ecaa5967403d082aa24f35e1b516d23)
Start importing Assets/MiscTextures/Carpet6.jpg using Guid(af7d1344a98a33e4aac38555015725f9) Importer(2089858483,0ecaa5967403d082aa24f35e1b516d23) Generated GUIDs only implemented for interfaces!
 -> (artifact id: '2d278e9e1d6018acd9f90c8e737ae719') in 0.020866 seconds
Number of updated asset objects reloaded before import = 0
Number of asset objects unloaded after import = 1
========================================================================
Received Import Request.
  Time since last request: 0.000014 seconds.
  path: Assets/Models/Glock/Low Poly Glock 19.fbx
  artifactKey: Guid(1228a14cb764ec548b710d0ca841bdf5) Importer(2089858483,0ecaa5967403d082aa24f35e1b516d23)
Start importing Assets/Models/Glock/Low Poly Glock 19.fbx using Guid(1228a14cb764ec548b710d0ca841bdf5) Importer(2089858483,0ecaa5967403d082aa24f35e1b516d23) Generated GUIDs only implemented for interfaces!
 -> (artifact id: '78ee7589ae8961ee515ba7d6455b82dd') in 0.074393 seconds
Number of updated asset objects reloaded before import = 0
Number of asset objects unloaded after import = 38
========================================================================
Received Import Request.
  Time since last request: 0.000019 seconds.
  path: Assets/Big Oak Tree/Scenes/BigOakScene.unity
  artifactKey: Guid(323343e8c30d67342ab1793fb477607f) Importer(2089858483,0ecaa5967403d082aa24f35e1b516d23)
Start importing Assets/Big Oak Tree/Scenes/BigOakScene.unity using Guid(323343e8c30d67342ab1793fb477607f) Importer(2089858483,0ecaa5967403d082aa24f35e1b516d23) Generated GUIDs only implemented for interfaces!
 -> (artifact id: '48411408ca71fbd6bd42596ee5234fcb') in 0.010356 seconds
Number of updated asset objects reloaded before import = 0
Number of asset objects unloaded after import = 1
========================================================================
Received Import Request.
  Time since last request: 0.000064 seconds.
  path: Assets/Big Oak Tree/Shaders/ALP Billboard Cross Wind.shader
  artifactKey: Guid(c271d8d8e9a857d489348a894266272e) Importer(2089858483,0ecaa5967403d082aa24f35e1b516d23)
Start importing Assets/Big Oak Tree/Shaders/ALP Billboard Cross Wind.shader using Guid(c271d8d8e9a857d489348a894266272e) Importer(2089858483,0ecaa5967403d082aa24f35e1b516d23) Generated GUIDs only implemented for interfaces!
 -> (artifact id: '16fcf8b4aa0bcc9de38cbaddfc0a803a') in 0.025458 seconds
Number of updated asset objects reloaded before import = 0
Number of asset objects unloaded after import = 1
========================================================================
Received Import Request.
  Time since last request: 0.000026 seconds.
  path: Assets/Sounds/Dark Tension Music.mp3
  artifactKey: Guid(3de032cd39b561449bb672df1f4c77bf) Importer(2089858483,0ecaa5967403d082aa24f35e1b516d23)
Start importing Assets/Sounds/Dark Tension Music.mp3 using Guid(3de032cd39b561449bb672df1f4c77bf) Importer(2089858483,0ecaa5967403d082aa24f35e1b516d23) Generated GUIDs only implemented for interfaces!
 -> (artifact id: 'd30e5633351b4d1a57f9e1a978ea5a7d') in 0.064247 seconds
Number of updated asset objects reloaded before import = 0
Number of asset objects unloaded after import = 1
========================================================================
Received Import Request.
  Time since last request: 0.000024 seconds.
  path: Assets/Sounds/Chainsaw_Use.mp3
  artifactKey: Guid(14ba1465b94f97242abee9521cae3db2) Importer(2089858483,0ecaa5967403d082aa24f35e1b516d23)
Start importing Assets/Sounds/Chainsaw_Use.mp3 using Guid(14ba1465b94f97242abee9521cae3db2) Importer(2089858483,0ecaa5967403d082aa24f35e1b516d23) Generated GUIDs only implemented for interfaces!
 -> (artifact id: '017d682f432149d38b15c5130d9022d4') in 0.075041 seconds
Number of updated asset objects reloaded before import = 0
Number of asset objects unloaded after import = 1
========================================================================
Received Import Request.
  Time since last request: 0.000023 seconds.
  path: Assets/Models/Zombie/Enemy_Walk.anim
  artifactKey: Guid(3c680b58478b36941a2d704462f57c72) Importer(2089858483,0ecaa5967403d082aa24f35e1b516d23)
Start importing Assets/Models/Zombie/Enemy_Walk.anim using Guid(3c680b58478b36941a2d704462f57c72) Importer(2089858483,0ecaa5967403d082aa24f35e1b516d23) Generated GUIDs only implemented for interfaces!
 -> (artifact id: '401aa18548126e816987da56425bb607') in 0.096919 seconds
Number of updated asset objects reloaded before import = 0
Number of asset objects unloaded after import = 1
========================================================================
Received Import Request.
  Time since last request: 0.000025 seconds.
  path: Assets/Big Oak Tree/Models/OakBigTree01.fbx
  artifactKey: Guid(6366e10f9cacd274ebee65ade5a76def) Importer(2089858483,0ecaa5967403d082aa24f35e1b516d23)
Start importing Assets/Big Oak Tree/Models/OakBigTree01.fbx using Guid(6366e10f9cacd274ebee65ade5a76def) Importer(2089858483,0ecaa5967403d082aa24f35e1b516d23) Generated GUIDs only implemented for interfaces!
 -> (artifact id: '6b1c129e267d5a472ae381ea130ceab6') in 0.057078 seconds
Number of updated asset objects reloaded before import = 0
Number of asset objects unloaded after import = 35
========================================================================
Received Import Request.
  Time since last request: 0.000028 seconds.
  path: Assets/Models/Chest/Chest.fbx
  artifactKey: Guid(904bd775aff58054f92f9667cc6aabbe) Importer(2089858483,0ecaa5967403d082aa24f35e1b516d23)
Start importing Assets/Models/Chest/Chest.fbx using Guid(904bd775aff58054f92f9667cc6aabbe) Importer(2089858483,0ecaa5967403d082aa24f35e1b516d23) Generated GUIDs only implemented for interfaces!
 -> (artifact id: '8f3cd76abe69f1454ca0751829589007') in 0.016876 seconds
Number of updated asset objects reloaded before import = 0
Number of asset objects unloaded after import = 16
========================================================================
Received Import Request.
  Time since last request: 0.000014 seconds.
  path: Assets/UI/HandUI.png
  artifactKey: Guid(ee50af7e7efade8448132f16ffc8426a) Importer(2089858483,0ecaa5967403d082aa24f35e1b516d23)
Start importing Assets/UI/HandUI.png using Guid(ee50af7e7efade8448132f16ffc8426a) Importer(2089858483,0ecaa5967403d082aa24f35e1b516d23) Generated GUIDs only implemented for interfaces!
 -> (artifact id: '4ead1bc0128c758c6fc8ca3a08b1e96c') in 0.013873 seconds
Number of updated asset objects reloaded before import = 0
Number of asset objects unloaded after import = 1
========================================================================
Received Import Request.
  Time since last request: 0.000078 seconds.
  path: Assets/Models/Lanturn/Rust.jpg
  artifactKey: Guid(8577a7f9f2b11614a8bab699b821ec86) Importer(2089858483,0ecaa5967403d082aa24f35e1b516d23)
Start importing Assets/Models/Lanturn/Rust.jpg using Guid(8577a7f9f2b11614a8bab699b821ec86) Importer(2089858483,0ecaa5967403d082aa24f35e1b516d23) Generated GUIDs only implemented for interfaces!
 -> (artifact id: 'e7086f52cc4686e385a6f15da4d066a5') in 0.015960 seconds
Number of updated asset objects reloaded before import = 0
Number of asset objects unloaded after import = 1
========================================================================
Received Import Request.
  Time since last request: 0.000013 seconds.
  path: Assets/Models/Glock/Cart.prefab
  artifactKey: Guid(9b1c8bcd0702f6e4d949acf6020d7372) Importer(2089858483,0ecaa5967403d082aa24f35e1b516d23)
Start importing Assets/Models/Glock/Cart.prefab using Guid(9b1c8bcd0702f6e4d949acf6020d7372) Importer(2089858483,0ecaa5967403d082aa24f35e1b516d23) Generated GUIDs only implemented for interfaces!
 -> (artifact id: '9d79a6fd054270b35fe1542ee9f24ba1') in 0.020895 seconds
Number of updated asset objects reloaded before import = 0
Number of asset objects unloaded after import = 8
========================================================================
Received Import Request.
  Time since last request: 0.000013 seconds.
  path: Assets/Sounds/SteppingOnTile_04.mp3
  artifactKey: Guid(2d58e47ca89eb4643b3414095cde6e6c) Importer(2089858483,0ecaa5967403d082aa24f35e1b516d23)
Start importing Assets/Sounds/SteppingOnTile_04.mp3 using Guid(2d58e47ca89eb4643b3414095cde6e6c) Importer(2089858483,0ecaa5967403d082aa24f35e1b516d23) Generated GUIDs only implemented for interfaces!
 -> (artifact id: 'f3044df8514c29a608823a5f2833356a') in 0.040365 seconds
Number of updated asset objects reloaded before import = 0
Number of asset objects unloaded after import = 1
========================================================================
Received Import Request.
  Time since last request: 0.000038 seconds.
  path: Assets/Big Oak Tree/Core/Scripts/Controller/ALP8310_ControllerGlobal.cs
  artifactKey: Guid(60bc5f3d16a5ecd45b1350b99c4a0b1d) Importer(2089858483,0ecaa5967403d082aa24f35e1b516d23)
Start importing Assets/Big Oak Tree/Core/Scripts/Controller/ALP8310_ControllerGlobal.cs using Guid(60bc5f3d16a5ecd45b1350b99c4a0b1d) Importer(2089858483,0ecaa5967403d082aa24f35e1b516d23) Generated GUIDs only implemented for interfaces!
 -> (artifact id: 'd80f5f017dccf05cddaea8b6853c99da') in 0.008666 seconds
Number of updated asset objects reloaded before import = 0
Number of asset objects unloaded after import = 1
========================================================================
Received Import Request.
  Time since last request: 0.000021 seconds.
  path: Assets/Big Oak Tree/Core/Scripts/Global Lighting/Editor/ALP8310_LightsSettings.cs
  artifactKey: Guid(2de8351d56d3a4f4680ce1c1d2156772) Importer(2089858483,0ecaa5967403d082aa24f35e1b516d23)
Start importing Assets/Big Oak Tree/Core/Scripts/Global Lighting/Editor/ALP8310_LightsSettings.cs using Guid(2de8351d56d3a4f4680ce1c1d2156772) Importer(2089858483,0ecaa5967403d082aa24f35e1b516d23) Generated GUIDs only implemented for interfaces!
 -> (artifact id: 'e4e67df776a863d80d984841c4af046f') in 0.011182 seconds
Number of updated asset objects reloaded before import = 0
Number of asset objects unloaded after import = 1
========================================================================
Received Import Request.
  Time since last request: 0.000022 seconds.
  path: Assets/Big Oak Tree/Core/Scripts/GUI/Editor/ALP8310_ShaderGUI.cs
  artifactKey: Guid(d989b9ab360fa0640a2d22ea36aeb4d5) Importer(2089858483,0ecaa5967403d082aa24f35e1b516d23)
Start importing Assets/Big Oak Tree/Core/Scripts/GUI/Editor/ALP8310_ShaderGUI.cs using Guid(d989b9ab360fa0640a2d22ea36aeb4d5) Importer(2089858483,0ecaa5967403d082aa24f35e1b516d23) Generated GUIDs only implemented for interfaces!
 -> (artifact id: 'bf2b0025d037f552ccdd61f3b2c650cf') in 0.009360 seconds
Number of updated asset objects reloaded before import = 0
Number of asset objects unloaded after import = 1
========================================================================
Received Import Request.
  Time since last request: 0.000091 seconds.
  path: Assets/Big Oak Tree/Models/Textures/barkOak001.png
  artifactKey: Guid(e251468106f8d5b409d6ee86caa99cc5) Importer(2089858483,0ecaa5967403d082aa24f35e1b516d23)
Start importing Assets/Big Oak Tree/Models/Textures/barkOak001.png using Guid(e251468106f8d5b409d6ee86caa99cc5) Importer(2089858483,0ecaa5967403d082aa24f35e1b516d23) Generated GUIDs only implemented for interfaces!
 -> (artifact id: 'f7edb197103d764f1a84c91f7967cbdc') in 0.024538 seconds
Number of updated asset objects reloaded before import = 0
Number of asset objects unloaded after import = 1
========================================================================
Received Import Request.
  Time since last request: 0.000019 seconds.
  path: Assets/Big Oak Tree/Core/Scripts/Controller/Editor/ALP8310_ControllerGlobal.Editor.asmdef
  artifactKey: Guid(b799570f1d290394792b20b16cc7b6c3) Importer(2089858483,0ecaa5967403d082aa24f35e1b516d23)
Start importing Assets/Big Oak Tree/Core/Scripts/Controller/Editor/ALP8310_ControllerGlobal.Editor.asmdef using Guid(b799570f1d290394792b20b16cc7b6c3) Importer(2089858483,0ecaa5967403d082aa24f35e1b516d23) Generated GUIDs only implemented for interfaces!
 -> (artifact id: '160bb555946b061cfa11865e705ed3c7') in 0.019064 seconds
Number of updated asset objects reloaded before import = 0
Number of asset objects unloaded after import = 1
========================================================================
Received Import Request.
  Time since last request: 0.000029 seconds.
  path: Assets/Models/Zombie/workerSubs_hangers_AlbedoTransparency.png
  artifactKey: Guid(e89c2cf594763e948a17b717b1fe179f) Importer(2089858483,0ecaa5967403d082aa24f35e1b516d23)
Start importing Assets/Models/Zombie/workerSubs_hangers_AlbedoTransparency.png using Guid(e89c2cf594763e948a17b717b1fe179f) Importer(2089858483,0ecaa5967403d082aa24f35e1b516d23) Generated GUIDs only implemented for interfaces!
 -> (artifact id: 'a2b7ca47b7a8cc2890f9cad4acbd4a3d') in 0.013582 seconds
Number of updated asset objects reloaded before import = 0
Number of asset objects unloaded after import = 1
========================================================================
Received Import Request.
  Time since last request: 0.000012 seconds.
  path: Assets/MiscTextures/Metal8.jpg
  artifactKey: Guid(50af5e6eeb285a54e82cf9e2de3cc454) Importer(2089858483,0ecaa5967403d082aa24f35e1b516d23)
Start importing Assets/MiscTextures/Metal8.jpg using Guid(50af5e6eeb285a54e82cf9e2de3cc454) Importer(2089858483,0ecaa5967403d082aa24f35e1b516d23) Generated GUIDs only implemented for interfaces!
 -> (artifact id: '9a7b236f387f5bbb9b649b87f4e06976') in 0.012705 seconds
Number of updated asset objects reloaded before import = 0
Number of asset objects unloaded after import = 1
========================================================================
Received Import Request.
  Time since last request: 0.000011 seconds.
  path: Assets/Models/Glock/Slide_Reference_Side.png
  artifactKey: Guid(b67ae40d1ced9964cbe701ef661526b8) Importer(2089858483,0ecaa5967403d082aa24f35e1b516d23)
Start importing Assets/Models/Glock/Slide_Reference_Side.png using Guid(b67ae40d1ced9964cbe701ef661526b8) Importer(2089858483,0ecaa5967403d082aa24f35e1b516d23) Generated GUIDs only implemented for interfaces!
 -> (artifact id: 'bc040240905c8f1a85bece899d1a1968') in 0.013756 seconds
Number of updated asset objects reloaded before import = 0
Number of asset objects unloaded after import = 1
========================================================================
Received Import Request.
  Time since last request: 0.000011 seconds.
  path: Assets/MiscTextures/WallsStone.jpg
  artifactKey: Guid(dd2e09c595db5fa4cad4cbe26b9abba0) Importer(2089858483,0ecaa5967403d082aa24f35e1b516d23)
Start importing Assets/MiscTextures/WallsStone.jpg using Guid(dd2e09c595db5fa4cad4cbe26b9abba0) Importer(2089858483,0ecaa5967403d082aa24f35e1b516d23) Generated GUIDs only implemented for interfaces!
 -> (artifact id: 'a32b2039380f4db062cbfabfd5c51ed5') in 0.011581 seconds
Number of updated asset objects reloaded before import = 0
Number of asset objects unloaded after import = 1
========================================================================
Received Import Request.
  Time since last request: 0.000019 seconds.
  path: Assets/Models/Zombie/Enemy.controller
  artifactKey: Guid(6a417b3a12a27394288f4309704482a2) Importer(2089858483,0ecaa5967403d082aa24f35e1b516d23)
Start importing Assets/Models/Zombie/Enemy.controller using Guid(6a417b3a12a27394288f4309704482a2) Importer(2089858483,0ecaa5967403d082aa24f35e1b516d23) Generated GUIDs only implemented for interfaces!
 -> (artifact id: '1df58181a02d106ed2b469e868a5ca6a') in 0.329883 seconds
Number of updated asset objects reloaded before import = 0
Number of asset objects unloaded after import = 18
========================================================================
Received Prepare
Begin MonoManager ReloadAssembly
Symbol file LoadedFromMemory doesn't match image D:\Unity\FearForest\FearForest\Library\PackageCache\com.unity.visualscripting@1.8.0\Editor\VisualScripting.Core\Dependencies\YamlDotNet\Unity.VisualScripting.YamlDotNet.dll
Symbol file LoadedFromMemory doesn't match image D:\Unity\FearForest\FearForest\Library\PackageCache\com.unity.visualscripting@1.8.0\Editor\VisualScripting.Core\Dependencies\DotNetZip\Unity.VisualScripting.IonicZip.dll
- Loaded All Assemblies, in  0.444 seconds
Refreshing native plugins compatible for Editor in 1.26 ms, found 3 plugins.
Native extension for WindowsStandalone target not found
Native extension for WebGL target not found
Mono: successfully reloaded assembly
- Finished resetting the current domain, in  0.471 seconds
Domain Reload Profiling:
	ReloadAssembly (142ms)
		BeginReloadAssembly (103ms)
			ExecutionOrderSort (0ms)
			DisableScriptedObjects (2ms)
			BackupInstance (0ms)
			ReleaseScriptingObjects (0ms)
			CreateAndSetChildDomain (26ms)
		LoadAllAssembliesAndSetupDomain (301ms)
			LoadAssemblies (184ms)
			RebuildTransferFunctionScriptingTraits (0ms)
			SetupTypeCache (169ms)
				TypeCache.Initialize (160ms)
					TypeCache.ScanAssembly (156ms)
				ResolveRequiredComponents (2ms)
		FinalizeReload (0ms)
			ReleaseScriptCaches (0ms)
			RebuildScriptCaches (0ms)
			SetupLoadedEditorAssemblies (253ms)
				LogAssemblyErrors (0ms)
				InitializePlatformSupportModulesInManaged (4ms)
				SetLoadedEditorAssemblies (4ms)
				RefreshPlugins (0ms)
				BeforeProcessingInitializeOnLoad (33ms)
				ProcessInitializeOnLoadAttributes (196ms)
				ProcessInitializeOnLoadMethodAttributes (13ms)
				AfterProcessingInitializeOnLoad (2ms)
				EditorAssembliesLoaded (0ms)
			ExecutionOrderSort2 (0ms)
			AwakeInstancesAfterBackupRestoration (6ms)
Refreshing native plugins compatible for Editor in 1.58 ms, found 3 plugins.
Preloading 0 native plugins for Editor in 0.00 ms.
Unloading 3102 Unused Serialized files (Serialized files now loaded: 0)
Unloading 23 unused Assets / (30.5 KB). Loaded Objects now: 3586.
Memory consumption went from 121.4 MB to 121.3 MB.
Total: 2.975900 ms (FindLiveObjects: 0.255500 ms CreateObjectMapping: 0.095300 ms MarkObjects: 2.423700 ms  DeleteObjects: 0.200200 ms)

Prepare: number of updated asset objects reloaded= 0
AssetImportParameters requested are different than current active one (requested -> active):
  custom:container-demuxer-ogg: 62fdf1f143b41e24485cea50d1cbac27 -> 
  custom:video-codec-MediaFoundation-h265: 746d11721c4dcdbdad8f713fa42b33f4 -> 
  custom:video-decoder-ogg-theora: a1e56fd34408186e4bbccfd4996cb3dc -> 
  custom:framework-win-MediaFoundation: 216162199b28c13a410421893ffa2e32 -> 
  custom:container-demuxer-webm: 4f35f7cbe854078d1ac9338744f61a02 -> 
  custom:container-muxer-webm: aa71ff27fc2769a1b78a27578f13a17b -> 
  custom:video-decoder-webm-vp8: 9c59270c3fd7afecdb556c50c9e8de78 -> 
  custom:SearchIndexIgnoredProperties: e643bd26f0fe6173181afceb89e7c659 -> 
  custom:AudioImporter_EditorPlatform: d09bf68614088b80899f8185d706f6e7 -> 
  custom:video-encoder-webm-vp8: eb34c28f22e8b96e1ab97ce403110664 -> 
  custom:audio-decoder-ogg-vorbis: bf7c407c2cedff20999df2af8eb42d56 -> 
  custom:audio-encoder-webm-vorbis: bf7c407c2cedff20999df2af8eb42d56 -> 
========================================================================
Received Prepare
Refreshing native plugins compatible for Editor in 1.41 ms, found 3 plugins.
Preloading 0 native plugins for Editor in 0.00 ms.
Unloading 1 Unused Serialized files (Serialized files now loaded: 0)
Unloading 1 unused Assets / (3.0 KB). Loaded Objects now: 3586.
Memory consumption went from 73.8 MB to 73.8 MB.
Total: 3.289800 ms (FindLiveObjects: 0.294700 ms CreateObjectMapping: 0.090300 ms MarkObjects: 2.877300 ms  DeleteObjects: 0.026500 ms)

Prepare: number of updated asset objects reloaded= 0
AssetImportParameters requested are different than current active one (requested -> active):
  custom:container-demuxer-ogg: 62fdf1f143b41e24485cea50d1cbac27 -> 
  custom:video-codec-MediaFoundation-h265: 746d11721c4dcdbdad8f713fa42b33f4 -> 
  custom:video-decoder-ogg-theora: a1e56fd34408186e4bbccfd4996cb3dc -> 
  custom:framework-win-MediaFoundation: 216162199b28c13a410421893ffa2e32 -> 
  custom:container-demuxer-webm: 4f35f7cbe854078d1ac9338744f61a02 -> 
  custom:container-muxer-webm: aa71ff27fc2769a1b78a27578f13a17b -> 
  custom:video-decoder-webm-vp8: 9c59270c3fd7afecdb556c50c9e8de78 -> 
  custom:SearchIndexIgnoredProperties: e643bd26f0fe6173181afceb89e7c659 -> 
  custom:AudioImporter_EditorPlatform: d09bf68614088b80899f8185d706f6e7 -> 
  custom:video-encoder-webm-vp8: eb34c28f22e8b96e1ab97ce403110664 -> 
  custom:audio-decoder-ogg-vorbis: bf7c407c2cedff20999df2af8eb42d56 -> 
  custom:audio-encoder-webm-vorbis: bf7c407c2cedff20999df2af8eb42d56 -> 
